<?xml version="1.0" encoding="UTF-8"?>
<!-- Generated by org.testng.reporters.JUnitReportReporter -->
<testsuite hostname="DESKTOP-88CLK0G" failures="0" tests="1" name="runners.TestRunner" time="6.762" errors="0" timestamp="2023-11-17T13:17:55 EST" skipped="0">
  <testcase classname="runners.TestRunner" name="runScenario" time="6.762"/>
  <system-out/>
</testsuite> <!-- runners.TestRunner -->
